* 000000 [Engine] Log started at 2024/11/19 19:6:22
* 000000 [Engine] DragonRuby Game Toolkit
* 000000 [Engine]   Version: 5.28
* 000000 [Engine]   Tier: Standard
* 000000 [Engine]   GIT Hash: 1b4e551c50ab9f1ce5a5b8f046a24f31b0e0e96d
* 000000 [Engine]   Build Date: Jun 12 2024 18:41:30
* 000000 [Engine] Platform: Mac OS X
* 000000 [Engine] 
* 000000 [Engine] *******************************************************************************************
* 000000 [Engine] *** This is the Standard license build!                                                 ***
* 000000 [Engine] *** Get more with an Indie or Pro license such as C extensions, mobile dev, and VR dev! ***
* 000000 [Engine] *** Details at http://dragonruby.org/toolkit/game#purchase                              ***
* 000000 [Engine] *******************************************************************************************
* 000000 [Engine] 
- 000000 [Engine] Process Working Directory: /Users/jools/Documents/projects/dragonRuby/example_games/scale/
- 000000 [Engine] Game Dir: (null)
- 000000 [Engine] Game ID: my-game-title
- 000000 [Engine] Game Title: My Game Title
- 000000 [Engine] Game Version: 0.1-dev
- 000000 [Engine] Game Package ID: org.myitchusername.my-game-title
- 000000 [Engine] Game Developer ID: myitchusername
- 000000 [Engine] Game Developer Title: My Name
- 000000 [Engine] Production Build: no
- 000000 [Engine] Remote Hotload: no
? 000000 [Engine] Loading cvars from file 'metadata/cvars.txt' ...
? 000000 [Engine] File 'metadata/cvars.txt' line 1 setting cvar 'log.filter_subsystems' to 'HTTPServer'
? 000000 [Engine] File 'metadata/cvars.txt' complete
- 000000 [Render] SDL video backend: cocoa
- 000000 [Render] SDL renderer backend: metal
- 000000 [Render] Window size: 1280x720 (requested 1280x720)
- 000000 [Render] Fullscreen Desktop mode: no
- 000000 [Render] HD: no
- 000000 [Render] HighDPI: no
- 000000 [Render] Max texture size: 16384x16384 (system reported 16384x16384)
- 000000 [Render] Logical render size: 1280x720
- 000000 [Render] Native render size: 1280x720
? 000000 [Engine] RNG seed has been set to 1732043182.
- 000000 [Engine] Janitor is using 4 threads.
- 000002 [Game] Saving
- 000003 [Game] Saving
* 000005 [Engine] Logging shutting down
